[debug] [2023-02-16T04:12:40.823Z] ----------------------------------------------------------------------
[debug] [2023-02-16T04:12:40.824Z] Command:       /usr/local/bin/firebase /Users/ryotarofujii/.cache/firebase/tools/lib/node_modules/firebase-tools/lib/bin/firebase deploy
[debug] [2023-02-16T04:12:40.825Z] CLI Version:   11.23.1
[debug] [2023-02-16T04:12:40.825Z] Platform:      darwin
[debug] [2023-02-16T04:12:40.825Z] Node Version:  v16.16.0
[debug] [2023-02-16T04:12:40.826Z] Time:          Thu Feb 16 2023 13:12:40 GMT+0900 (GMT+09:00)
[debug] [2023-02-16T04:12:40.826Z] ----------------------------------------------------------------------
[debug] 
[debug] [2023-02-16T04:12:40.922Z] > command requires scopes: ["email","openid","https://www.googleapis.com/auth/cloudplatformprojects.readonly","https://www.googleapis.com/auth/firebase","https://www.googleapis.com/auth/cloud-platform"]
[debug] [2023-02-16T04:12:40.923Z] > authorizing via signed-in user (ryoryo.fr0608@gmail.com)
[debug] [2023-02-16T04:12:40.924Z] [iam] checking project fr-application for permissions ["firebase.projects.get","firebasehosting.sites.update"]
[debug] [2023-02-16T04:12:40.926Z] >>> [apiv2][query] POST https://cloudresourcemanager.googleapis.com/v1/projects/fr-application:testIamPermissions [none]
[debug] [2023-02-16T04:12:40.928Z] >>> [apiv2][(partial)header] POST https://cloudresourcemanager.googleapis.com/v1/projects/fr-application:testIamPermissions x-goog-quota-user=projects/fr-application
[debug] [2023-02-16T04:12:40.928Z] >>> [apiv2][body] POST https://cloudresourcemanager.googleapis.com/v1/projects/fr-application:testIamPermissions {"permissions":["firebase.projects.get","firebasehosting.sites.update"]}
[debug] [2023-02-16T04:12:42.021Z] <<< [apiv2][status] POST https://cloudresourcemanager.googleapis.com/v1/projects/fr-application:testIamPermissions 200
[debug] [2023-02-16T04:12:42.024Z] <<< [apiv2][body] POST https://cloudresourcemanager.googleapis.com/v1/projects/fr-application:testIamPermissions {"permissions":["firebase.projects.get","firebasehosting.sites.update"]}
[debug] [2023-02-16T04:12:42.026Z] >>> [apiv2][query] GET https://firebase.googleapis.com/v1beta1/projects/fr-application [none]
[debug] [2023-02-16T04:12:42.688Z] <<< [apiv2][status] GET https://firebase.googleapis.com/v1beta1/projects/fr-application 200
[debug] [2023-02-16T04:12:42.691Z] <<< [apiv2][body] GET https://firebase.googleapis.com/v1beta1/projects/fr-application {"projectId":"fr-application","projectNumber":"13197666613","displayName":"FR-Application","name":"projects/fr-application","resources":{"hostingSite":"fr-application"},"state":"ACTIVE","etag":"1_3f61d979-2f5a-4e95-a513-c186ce21b849"}
[debug] [2023-02-16T04:12:46.707Z] >>> [apiv2][query] GET https://firebasehosting.googleapis.com/v1beta1/projects/fr-application/sites pageToken=&pageSize=10
[debug] [2023-02-16T04:12:47.824Z] <<< [apiv2][status] GET https://firebasehosting.googleapis.com/v1beta1/projects/fr-application/sites 200
[debug] [2023-02-16T04:12:47.825Z] <<< [apiv2][body] GET https://firebasehosting.googleapis.com/v1beta1/projects/fr-application/sites {"sites":[{"name":"projects/fr-application/sites/fr-application","defaultUrl":"https://fr-application.web.app","type":"DEFAULT_SITE"}]}
[debug] [2023-02-16T04:12:47.825Z] >>> [apiv2][query] GET https://firebasehosting.googleapis.com/v1beta1/projects/fr-application/sites 
[debug] [2023-02-16T04:12:48.954Z] <<< [apiv2][status] GET https://firebasehosting.googleapis.com/v1beta1/projects/fr-application/sites 200
[debug] [2023-02-16T04:12:48.954Z] <<< [apiv2][body] GET https://firebasehosting.googleapis.com/v1beta1/projects/fr-application/sites {"sites":[{"name":"projects/fr-application/sites/fr-application","defaultUrl":"https://fr-application.web.app","type":"DEFAULT_SITE"}]}
[debug] [2023-02-16T04:12:48.955Z] >>> [apiv2][query] GET https://firebase.googleapis.com/v1beta1/projects/fr-application/webApps/-/config [none]
[debug] [2023-02-16T04:12:50.296Z] <<< [apiv2][status] GET https://firebase.googleapis.com/v1beta1/projects/fr-application/webApps/-/config 200
[debug] [2023-02-16T04:12:50.300Z] <<< [apiv2][body] GET https://firebase.googleapis.com/v1beta1/projects/fr-application/webApps/-/config {"projectId":"fr-application","appId":"1:13197666613:web:be73f2b98d4ec58728047c","storageBucket":"fr-application.appspot.com","apiKey":"AIzaSyBF8oYbHkXc-3DjRTM4UIXU6DloRluf8ZQ","authDomain":"fr-application.firebaseapp.com","messagingSenderId":"13197666613"}
[debug] [2023-02-16T04:13:22.867Z] Error: Command failed: npm i --omit dev --no-audit
    at checkExecSyncError (node:child_process:828:11)
    at Object.execSync (node:child_process:899:15)
    at execSync (pkg/prelude/bootstrap.js:2115:30)
    at prepareFrameworks (/Users/ryotarofujii/.cache/firebase/tools/lib/node_modules/firebase-tools/lib/frameworks/index.js:371:42)
    at async deploy (/Users/ryotarofujii/.cache/firebase/tools/lib/node_modules/firebase-tools/lib/deploy/index.js:53:13)
[error] 
[error] Error: An unexpected error has occurred.
[debug] [2023-02-16T04:16:11.901Z] ----------------------------------------------------------------------
[debug] [2023-02-16T04:16:11.903Z] Command:       /usr/local/bin/firebase /Users/ryotarofujii/.cache/firebase/tools/lib/node_modules/firebase-tools/lib/bin/firebase deploy
[debug] [2023-02-16T04:16:11.903Z] CLI Version:   11.23.1
[debug] [2023-02-16T04:16:11.903Z] Platform:      darwin
[debug] [2023-02-16T04:16:11.903Z] Node Version:  v16.16.0
[debug] [2023-02-16T04:16:11.908Z] Time:          Thu Feb 16 2023 13:16:11 GMT+0900 (GMT+09:00)
[debug] [2023-02-16T04:16:11.909Z] ----------------------------------------------------------------------
[debug] 
[debug] [2023-02-16T04:16:12.005Z] > command requires scopes: ["email","openid","https://www.googleapis.com/auth/cloudplatformprojects.readonly","https://www.googleapis.com/auth/firebase","https://www.googleapis.com/auth/cloud-platform"]
[debug] [2023-02-16T04:16:12.006Z] > authorizing via signed-in user (ryoryo.fr0608@gmail.com)
[debug] [2023-02-16T04:16:12.007Z] [iam] checking project fr-application for permissions ["firebase.projects.get","firebasehosting.sites.update"]
[debug] [2023-02-16T04:16:12.010Z] >>> [apiv2][query] POST https://cloudresourcemanager.googleapis.com/v1/projects/fr-application:testIamPermissions [none]
[debug] [2023-02-16T04:16:12.011Z] >>> [apiv2][(partial)header] POST https://cloudresourcemanager.googleapis.com/v1/projects/fr-application:testIamPermissions x-goog-quota-user=projects/fr-application
[debug] [2023-02-16T04:16:12.012Z] >>> [apiv2][body] POST https://cloudresourcemanager.googleapis.com/v1/projects/fr-application:testIamPermissions {"permissions":["firebase.projects.get","firebasehosting.sites.update"]}
[debug] [2023-02-16T04:16:13.028Z] <<< [apiv2][status] POST https://cloudresourcemanager.googleapis.com/v1/projects/fr-application:testIamPermissions 200
[debug] [2023-02-16T04:16:13.031Z] <<< [apiv2][body] POST https://cloudresourcemanager.googleapis.com/v1/projects/fr-application:testIamPermissions {"permissions":["firebase.projects.get","firebasehosting.sites.update"]}
[debug] [2023-02-16T04:16:13.033Z] >>> [apiv2][query] GET https://firebase.googleapis.com/v1beta1/projects/fr-application [none]
[debug] [2023-02-16T04:16:13.622Z] <<< [apiv2][status] GET https://firebase.googleapis.com/v1beta1/projects/fr-application 200
[debug] [2023-02-16T04:16:13.623Z] <<< [apiv2][body] GET https://firebase.googleapis.com/v1beta1/projects/fr-application {"projectId":"fr-application","projectNumber":"13197666613","displayName":"FR-Application","name":"projects/fr-application","resources":{"hostingSite":"fr-application"},"state":"ACTIVE","etag":"1_3f61d979-2f5a-4e95-a513-c186ce21b849"}
[debug] [2023-02-16T04:16:17.646Z] >>> [apiv2][query] GET https://firebasehosting.googleapis.com/v1beta1/projects/fr-application/sites pageToken=&pageSize=10
[debug] [2023-02-16T04:16:18.610Z] <<< [apiv2][status] GET https://firebasehosting.googleapis.com/v1beta1/projects/fr-application/sites 200
[debug] [2023-02-16T04:16:18.610Z] <<< [apiv2][body] GET https://firebasehosting.googleapis.com/v1beta1/projects/fr-application/sites {"sites":[{"name":"projects/fr-application/sites/fr-application","defaultUrl":"https://fr-application.web.app","type":"DEFAULT_SITE"}]}
[debug] [2023-02-16T04:16:18.611Z] >>> [apiv2][query] GET https://firebasehosting.googleapis.com/v1beta1/projects/fr-application/sites 
[debug] [2023-02-16T04:16:19.660Z] <<< [apiv2][status] GET https://firebasehosting.googleapis.com/v1beta1/projects/fr-application/sites 200
[debug] [2023-02-16T04:16:19.660Z] <<< [apiv2][body] GET https://firebasehosting.googleapis.com/v1beta1/projects/fr-application/sites {"sites":[{"name":"projects/fr-application/sites/fr-application","defaultUrl":"https://fr-application.web.app","type":"DEFAULT_SITE"}]}
[debug] [2023-02-16T04:16:19.661Z] >>> [apiv2][query] GET https://firebase.googleapis.com/v1beta1/projects/fr-application/webApps/-/config [none]
[debug] [2023-02-16T04:16:20.893Z] <<< [apiv2][status] GET https://firebase.googleapis.com/v1beta1/projects/fr-application/webApps/-/config 200
[debug] [2023-02-16T04:16:20.896Z] <<< [apiv2][body] GET https://firebase.googleapis.com/v1beta1/projects/fr-application/webApps/-/config {"projectId":"fr-application","appId":"1:13197666613:web:be73f2b98d4ec58728047c","storageBucket":"fr-application.appspot.com","apiKey":"AIzaSyBF8oYbHkXc-3DjRTM4UIXU6DloRluf8ZQ","authDomain":"fr-application.firebaseapp.com","messagingSenderId":"13197666613"}
[debug] [2023-02-16T04:16:55.669Z] Error: Command failed: npm i --omit dev --no-audit
    at checkExecSyncError (node:child_process:828:11)
    at Object.execSync (node:child_process:899:15)
    at execSync (pkg/prelude/bootstrap.js:2115:30)
    at prepareFrameworks (/Users/ryotarofujii/.cache/firebase/tools/lib/node_modules/firebase-tools/lib/frameworks/index.js:371:42)
    at async deploy (/Users/ryotarofujii/.cache/firebase/tools/lib/node_modules/firebase-tools/lib/deploy/index.js:53:13)
[error] 
[error] Error: An unexpected error has occurred.
[debug] [2023-02-16T04:20:42.082Z] ----------------------------------------------------------------------
[debug] [2023-02-16T04:20:42.084Z] Command:       /usr/local/bin/firebase /Users/ryotarofujii/.cache/firebase/tools/lib/node_modules/firebase-tools/lib/bin/firebase deploy
[debug] [2023-02-16T04:20:42.084Z] CLI Version:   11.23.1
[debug] [2023-02-16T04:20:42.084Z] Platform:      darwin
[debug] [2023-02-16T04:20:42.084Z] Node Version:  v16.16.0
[debug] [2023-02-16T04:20:42.088Z] Time:          Thu Feb 16 2023 13:20:42 GMT+0900 (GMT+09:00)
[debug] [2023-02-16T04:20:42.088Z] ----------------------------------------------------------------------
[debug] 
[debug] [2023-02-16T04:20:42.182Z] > command requires scopes: ["email","openid","https://www.googleapis.com/auth/cloudplatformprojects.readonly","https://www.googleapis.com/auth/firebase","https://www.googleapis.com/auth/cloud-platform"]
[debug] [2023-02-16T04:20:42.184Z] > authorizing via signed-in user (ryoryo.fr0608@gmail.com)
[debug] [2023-02-16T04:20:42.185Z] [iam] checking project fr-application for permissions ["firebase.projects.get","firebasehosting.sites.update"]
[debug] [2023-02-16T04:20:42.188Z] >>> [apiv2][query] POST https://cloudresourcemanager.googleapis.com/v1/projects/fr-application:testIamPermissions [none]
[debug] [2023-02-16T04:20:42.189Z] >>> [apiv2][(partial)header] POST https://cloudresourcemanager.googleapis.com/v1/projects/fr-application:testIamPermissions x-goog-quota-user=projects/fr-application
[debug] [2023-02-16T04:20:42.189Z] >>> [apiv2][body] POST https://cloudresourcemanager.googleapis.com/v1/projects/fr-application:testIamPermissions {"permissions":["firebase.projects.get","firebasehosting.sites.update"]}
[debug] [2023-02-16T04:20:43.240Z] <<< [apiv2][status] POST https://cloudresourcemanager.googleapis.com/v1/projects/fr-application:testIamPermissions 200
[debug] [2023-02-16T04:20:43.243Z] <<< [apiv2][body] POST https://cloudresourcemanager.googleapis.com/v1/projects/fr-application:testIamPermissions {"permissions":["firebase.projects.get","firebasehosting.sites.update"]}
[debug] [2023-02-16T04:20:43.246Z] >>> [apiv2][query] GET https://firebase.googleapis.com/v1beta1/projects/fr-application [none]
[debug] [2023-02-16T04:20:43.876Z] <<< [apiv2][status] GET https://firebase.googleapis.com/v1beta1/projects/fr-application 200
[debug] [2023-02-16T04:20:43.879Z] <<< [apiv2][body] GET https://firebase.googleapis.com/v1beta1/projects/fr-application {"projectId":"fr-application","projectNumber":"13197666613","displayName":"FR-Application","name":"projects/fr-application","resources":{"hostingSite":"fr-application"},"state":"ACTIVE","etag":"1_3f61d979-2f5a-4e95-a513-c186ce21b849"}
[debug] [2023-02-16T04:20:47.858Z] >>> [apiv2][query] GET https://firebasehosting.googleapis.com/v1beta1/projects/fr-application/sites pageToken=&pageSize=10
[debug] [2023-02-16T04:20:49.214Z] <<< [apiv2][status] GET https://firebasehosting.googleapis.com/v1beta1/projects/fr-application/sites 200
[debug] [2023-02-16T04:20:49.214Z] <<< [apiv2][body] GET https://firebasehosting.googleapis.com/v1beta1/projects/fr-application/sites {"sites":[{"name":"projects/fr-application/sites/fr-application","defaultUrl":"https://fr-application.web.app","type":"DEFAULT_SITE"}]}
[debug] [2023-02-16T04:20:49.215Z] >>> [apiv2][query] GET https://firebasehosting.googleapis.com/v1beta1/projects/fr-application/sites 
[debug] [2023-02-16T04:20:50.117Z] <<< [apiv2][status] GET https://firebasehosting.googleapis.com/v1beta1/projects/fr-application/sites 200
[debug] [2023-02-16T04:20:50.117Z] <<< [apiv2][body] GET https://firebasehosting.googleapis.com/v1beta1/projects/fr-application/sites {"sites":[{"name":"projects/fr-application/sites/fr-application","defaultUrl":"https://fr-application.web.app","type":"DEFAULT_SITE"}]}
[debug] [2023-02-16T04:20:50.118Z] >>> [apiv2][query] GET https://firebase.googleapis.com/v1beta1/projects/fr-application/webApps/-/config [none]
[debug] [2023-02-16T04:20:51.621Z] <<< [apiv2][status] GET https://firebase.googleapis.com/v1beta1/projects/fr-application/webApps/-/config 200
[debug] [2023-02-16T04:20:51.623Z] <<< [apiv2][body] GET https://firebase.googleapis.com/v1beta1/projects/fr-application/webApps/-/config {"projectId":"fr-application","appId":"1:13197666613:web:be73f2b98d4ec58728047c","storageBucket":"fr-application.appspot.com","apiKey":"AIzaSyBF8oYbHkXc-3DjRTM4UIXU6DloRluf8ZQ","authDomain":"fr-application.firebaseapp.com","messagingSenderId":"13197666613"}
[debug] [2023-02-16T04:21:23.523Z] Error: Command failed: npm i --omit dev --no-audit
    at checkExecSyncError (node:child_process:828:11)
    at Object.execSync (node:child_process:899:15)
    at execSync (pkg/prelude/bootstrap.js:2115:30)
    at prepareFrameworks (/Users/ryotarofujii/.cache/firebase/tools/lib/node_modules/firebase-tools/lib/frameworks/index.js:371:42)
    at async deploy (/Users/ryotarofujii/.cache/firebase/tools/lib/node_modules/firebase-tools/lib/deploy/index.js:53:13)
[error] 
[error] Error: An unexpected error has occurred.
